RIFT1 Architecture Consolidation - Sun Jun 15 04:21:31 PM BST 2025
Project Root: /mnt/c/Users/OBINexus/Projects/github/rift/rift1
========================================
[0;34m[INFO][0m RIFT1 Architecture Consolidation Script
[0;34m[INFO][0m OBINexus AEGIS Framework - Stage 1 Parser
[0;34m[INFO][0m ========================================
[0;34m[INFO][0m Starting RIFT1 architecture consolidation...
[0;34m[INFO][0m Validating RIFT1 project structure...
[0;32m[SUCCESS][0m RIFT1 project structure validated
[0;34m[INFO][0m Creating project backup at /mnt/c/Users/OBINexus/Projects/github/rift/rift1/.rift_backup_1750000891...
[0;32m[SUCCESS][0m Backed up: include
[0;32m[SUCCESS][0m Backed up: src
[0;32m[SUCCESS][0m Backed up: tests
[0;32m[SUCCESS][0m Backed up: Makefile
[0;32m[SUCCESS][0m Project backup completed: /mnt/c/Users/OBINexus/Projects/github/rift/rift1/.rift_backup_1750000891
[0;34m[INFO][0m Resolving header duplication conflicts...
[0;34m[INFO][0m Installing consolidated header with AST & TokenMemory support...
[0;32m[SUCCESS][0m Header duplication conflicts resolved
[0;34m[INFO][0m Organizing source structure for tokenmemory → parser pipeline...
[0;34m[INFO][0m Creating missing implementation files...
[0;32m[SUCCESS][0m Created rift1_tokenmemory.c
[0;32m[SUCCESS][0m Created rift1_ast.c
[0;32m[SUCCESS][0m Enhanced rift1_parsing.c with missing functions
[0;32m[SUCCESS][0m Source structure organized
[0;34m[INFO][0m Updating Makefile for new architecture...
[0;32m[SUCCESS][0m Makefile updated for RIFT1 architecture
[0;32m[SUCCESS][0m RIFT1 architecture consolidation completed!
[0;34m[INFO][0m Running post-consolidation verification...
[1;33m[WARNING][0m Build verification FAILED - manual intervention required
