-- Added RIFT stage: rift-0 (tokenizer)
-- rift-0 configuration complete
-- Added RIFT stage: rift-1 (parser)
-- rift-1 configuration complete
-- Added RIFT stage: rift-2 (semantic)
-- rift-2 configuration complete
-- Added RIFT stage: rift-3 (validator)
-- rift-3 configuration complete
-- Added RIFT stage: rift-4 (bytecode)
-- rift-4 configuration complete
-- Added RIFT stage: rift-5 (verifier)
-- rift-5 configuration complete
-- Added RIFT stage: rift-6 (emitter)
-- rift-6 configuration complete
-- Test framework initialized
-- =================================================================
-- RIFT Compiler Root Configuration Summary:
--   Project: RIFT_Compiler
--   Version: 4.0.0
--   Build Type: Release
--   C Standard: 11
--   Source Directory: /mnt/c/Users/OBINexus/Projects/github/rift
--   Binary Directory: /mnt/c/Users/OBINexus/Projects/github/rift/build
--   Install Prefix: /usr/local
--   OpenSSL Version: 3.0.15
--   AEGIS Compliance: ENABLED
--   Zero Trust Governance: ENABLED
-- =================================================================
-- Configuring done
-- Generating done
-- Build files have been written to: /mnt/c/Users/OBINexus/Projects/github/rift/build
